<?xml version="1.0" encoding="UTF-8"?>
<!-- Generated by org.testng.reporters.JUnitReportReporter -->
<testsuite skipped="0" hostname="LAPTOP-PV5IV72T" name="BasicCURDoperations.CreateProjectWithBBD" tests="1" failures="0" timestamp="2022-08-08T17:29:16 IST" time="1.413" errors="0">
  <testcase name="createprojectwithbdd" time="1.413" classname="BasicCURDoperations.CreateProjectWithBBD"/>
  <system-out/>
</testsuite> <!-- BasicCURDoperations.CreateProjectWithBBD -->
