<?xml version="1.0" encoding="UTF-8"?>
<!-- Generated by org.testng.reporters.JUnitReportReporter -->
<testsuite skipped="0" hostname="LAPTOP-PV5IV72T" name="BasicCURDoperations.CreateProjectTest" tests="1" failures="0" timestamp="2022-08-08T11:30:32 IST" time="1.537" errors="0">
  <testcase name="createProjectTest" time="1.537" classname="BasicCURDoperations.CreateProjectTest"/>
  <system-out/>
</testsuite> <!-- BasicCURDoperations.CreateProjectTest -->
