<?xml version="1.0" encoding="UTF-8"?>
<!-- Generated by org.testng.reporters.JUnitReportReporter -->
<testsuite skipped="0" hostname="LAPTOP-PV5IV72T" name="Parameters.PathParameter" tests="1" failures="0" timestamp="2022-08-10T12:04:26 IST" time="1.200" errors="0">
  <testcase name="pathparameter" time="1.200" classname="Parameters.PathParameter"/>
  <system-out/>
</testsuite> <!-- Parameters.PathParameter -->
