<?xml version="1.0" encoding="UTF-8"?>
<!-- Generated by org.testng.reporters.JUnitReportReporter -->
<testsuite skipped="0" hostname="LAPTOP-PV5IV72T" name="Authentication.BasicAuthentication" tests="1" failures="0" timestamp="2022-08-10T13:23:24 IST" time="1.289" errors="0">
  <testcase name="digestiveAuthTest" time="1.289" classname="Authentication.BasicAuthentication"/>
  <system-out/>
</testsuite> <!-- Authentication.BasicAuthentication -->
