<?xml version="1.0" encoding="UTF-8"?>
<!-- Generated by org.testng.reporters.JUnitReportReporter -->
<testsuite skipped="0" hostname="LAPTOP-PV5IV72T" name="ResponseValidation.ResponseTimeValidation" tests="1" failures="0" timestamp="2022-08-10T15:00:11 IST" time="1.133" errors="0">
  <testcase name="resptimevali" time="1.133" classname="ResponseValidation.ResponseTimeValidation"/>
  <system-out/>
</testsuite> <!-- ResponseValidation.ResponseTimeValidation -->
