<?xml version="1.0" encoding="UTF-8"?>
<!-- Generated by org.testng.reporters.JUnitReportReporter -->
<testsuite skipped="0" hostname="LAPTOP-PV5IV72T" name="SerializationDeserialization.SerializationEmployeeDetails" tests="1" failures="0" timestamp="2022-07-28T13:20:44 IST" time="0.124" errors="0">
  <testcase name="serializeEmpDetailsTest" time="0.124" classname="SerializationDeserialization.SerializationEmployeeDetails"/>
  <system-out/>
</testsuite> <!-- SerializationDeserialization.SerializationEmployeeDetails -->
