<?xml version="1.0" encoding="UTF-8"?>
<!-- Generated by org.testng.reporters.JUnitReportReporter -->
<testsuite skipped="0" hostname="LAPTOP-PV5IV72T" name="BasicCURDoperations.CreateTheProjectTest" tests="1" failures="0" timestamp="2022-08-08T12:38:17 IST" time="1.490" errors="0">
  <testcase name="createproject" time="1.490" classname="BasicCURDoperations.CreateTheProjectTest"/>
  <system-out/>
</testsuite> <!-- BasicCURDoperations.CreateTheProjectTest -->
