<?xml version="1.0" encoding="UTF-8"?>
<!-- Generated by org.testng.reporters.JUnitReportReporter -->
<testsuite skipped="0" hostname="LAPTOP-PV5IV72T" name="BasicCURDoperations.GetALLProjectTest" tests="1" failures="0" timestamp="2022-08-08T11:56:29 IST" time="1.212" errors="0">
  <testcase name="getallprojectTest" time="1.212" classname="BasicCURDoperations.GetALLProjectTest"/>
  <system-out/>
</testsuite> <!-- BasicCURDoperations.GetALLProjectTest -->
