<?xml version="1.0" encoding="UTF-8"?>
<!-- Generated by org.testng.reporters.JUnitReportReporter -->
<testsuite skipped="0" hostname="LAPTOP-PV5IV72T" name="RequestChaining.CreateProjectAndUpdateProject" tests="1" failures="0" timestamp="2022-08-10T13:34:33 IST" time="1.933" errors="0">
  <testcase name="createProjectAndUpdateProject" time="1.933" classname="RequestChaining.CreateProjectAndUpdateProject"/>
  <system-out/>
</testsuite> <!-- RequestChaining.CreateProjectAndUpdateProject -->
