<?xml version="1.0" encoding="UTF-8"?>
<!-- Generated by org.testng.reporters.JUnitReportReporter -->
<testsuite skipped="0" hostname="LAPTOP-PV5IV72T" name="BasicCURDoperations.CreateProjExixtingId" tests="1" failures="0" timestamp="2022-08-08T12:48:58 IST" time="1.361" errors="0">
  <testcase name="createprojectexixtingid" time="1.361" classname="BasicCURDoperations.CreateProjExixtingId"/>
  <system-out/>
</testsuite> <!-- BasicCURDoperations.CreateProjExixtingId -->
