<?xml version="1.0" encoding="UTF-8"?>
<!-- Generated by org.testng.reporters.JUnitReportReporter -->
<testsuite skipped="0" hostname="LAPTOP-PV5IV72T" name="BasicCURDoperations.UpdateProjectTest" tests="1" failures="0" timestamp="2022-08-08T11:56:17 IST" time="1.354" errors="0">
  <testcase name="updateprojectTest" time="1.354" classname="BasicCURDoperations.UpdateProjectTest"/>
  <system-out/>
</testsuite> <!-- BasicCURDoperations.UpdateProjectTest -->
