<?xml version="1.0" encoding="UTF-8"?>
<!-- Generated by org.testng.reporters.JUnitReportReporter -->
<testsuite skipped="0" hostname="LAPTOP-PV5IV72T" name="DifferentWayToPOST.CreateProjectWithHashmap" tests="1" failures="0" timestamp="2022-08-10T11:41:33 IST" time="1.340" errors="0">
  <testcase name="createprohashmap" time="1.340" classname="DifferentWayToPOST.CreateProjectWithHashmap"/>
  <system-out/>
</testsuite> <!-- DifferentWayToPOST.CreateProjectWithHashmap -->
