<?xml version="1.0" encoding="UTF-8"?>
<!-- Generated by org.testng.reporters.JUnitReportReporter -->
<testsuite skipped="0" hostname="LAPTOP-PV5IV72T" name="Parameters.FormParameter" tests="1" failures="0" timestamp="2022-08-10T12:00:03 IST" time="1.207" errors="0">
  <testcase name="formparameter" time="1.207" classname="Parameters.FormParameter"/>
  <system-out/>
</testsuite> <!-- Parameters.FormParameter -->
