<?xml version="1.0" encoding="UTF-8"?>
<!-- Generated by org.testng.reporters.JUnitReportReporter -->
<testsuite skipped="0" hostname="LAPTOP-PV5IV72T" name="DifferentWayToPOST.CreatePOJO" tests="1" failures="0" timestamp="2022-08-09T13:19:54 IST" time="1.330" errors="0">
  <testcase name="crepojo" time="1.330" classname="DifferentWayToPOST.CreatePOJO"/>
  <system-out/>
</testsuite> <!-- DifferentWayToPOST.CreatePOJO -->
