<?xml version="1.0" encoding="UTF-8"?>
<!-- Generated by org.testng.reporters.JUnitReportReporter -->
<testsuite skipped="0" hostname="LAPTOP-PV5IV72T" name="Parameters.QueryParameter" tests="1" failures="0" timestamp="2022-08-10T11:58:47 IST" time="3.662" errors="0">
  <testcase name="queryparameter" time="3.662" classname="Parameters.QueryParameter"/>
  <system-out/>
</testsuite> <!-- Parameters.QueryParameter -->
