<?xml version="1.0" encoding="UTF-8"?>
<!-- Generated by org.testng.reporters.JUnitReportReporter -->
<testsuite skipped="0" hostname="LAPTOP-PV5IV72T" name="BasicCURDoperations.CreateAndValidateDB" tests="1" failures="0" timestamp="2022-08-11T11:56:17 IST" time="1.555" errors="0">
  <testcase name="createAndValiDB" time="1.555" classname="BasicCURDoperations.CreateAndValidateDB"/>
  <system-out>
    <![CDATA[TY_PROJ_2207]]>
  </system-out>
</testsuite> <!-- BasicCURDoperations.CreateAndValidateDB -->
