<?xml version="1.0" encoding="UTF-8"?>
<!-- Generated by org.testng.reporters.JUnitReportReporter -->
<testsuite skipped="0" hostname="LAPTOP-PV5IV72T" name="BasicCURDoperations.GetAllProjectBDDTest" tests="1" failures="0" timestamp="2022-08-08T17:28:22 IST" time="1.171" errors="0">
  <testcase name="getallprojectbdd" time="1.171" classname="BasicCURDoperations.GetAllProjectBDDTest"/>
  <system-out/>
</testsuite> <!-- BasicCURDoperations.GetAllProjectBDDTest -->
