<?xml version="1.0" encoding="UTF-8"?>
<!-- Generated by org.testng.reporters.JUnitReportReporter -->
<testsuite skipped="0" hostname="LAPTOP-PV5IV72T" name="SerializationDeserialization.DeserializationEmpDetailForArray" tests="1" failures="0" timestamp="2022-07-28T16:39:39 IST" time="0.120" errors="0">
  <testcase name="DeserializationEmpDetailForArray" time="0.120" classname="SerializationDeserialization.DeserializationEmpDetailForArray"/>
  <system-out/>
</testsuite> <!-- SerializationDeserialization.DeserializationEmpDetailForArray -->
