<?xml version="1.0" encoding="UTF-8"?>
<!-- Generated by org.testng.reporters.JUnitReportReporter -->
<testsuite skipped="0" hostname="LAPTOP-PV5IV72T" name="RequestChaining.CreateProjectAndGetProject" tests="1" failures="0" timestamp="2022-08-10T14:58:05 IST" time="1.988" errors="0">
  <testcase name="createprogetpro" time="1.988" classname="RequestChaining.CreateProjectAndGetProject"/>
  <system-out/>
</testsuite> <!-- RequestChaining.CreateProjectAndGetProject -->
