<?xml version="1.0" encoding="UTF-8"?>
<!-- Generated by org.testng.reporters.JUnitReportReporter -->
<testsuite skipped="0" hostname="LAPTOP-PV5IV72T" name="Authentication.BearerToken" tests="1" failures="0" timestamp="2022-08-10T15:25:37 IST" time="2.922" errors="0">
  <testcase name="bearerToken" time="2.922" classname="Authentication.BearerToken"/>
  <system-out/>
</testsuite> <!-- Authentication.BearerToken -->
