<?xml version="1.0" encoding="UTF-8"?>
<!-- Generated by org.testng.reporters.JUnitReportReporter -->
<testsuite skipped="0" hostname="LAPTOP-PV5IV72T" name="SerializationDeserialization.Deserialization" tests="1" failures="0" timestamp="2022-07-28T15:22:31 IST" time="0.134" errors="0">
  <testcase name="deserilizationEmpDetailsTest" time="0.134" classname="SerializationDeserialization.Deserialization"/>
  <system-out/>
</testsuite> <!-- SerializationDeserialization.Deserialization -->
