<?xml version="1.0" encoding="UTF-8"?>
<!-- Generated by org.testng.reporters.JUnitReportReporter -->
<testsuite skipped="0" hostname="LAPTOP-PV5IV72T" name="SerializationDeserialization.SerializationEmpDetailForArray" tests="1" failures="0" timestamp="2022-07-28T16:14:35 IST" time="0.131" errors="0">
  <testcase name="ArrayEmpDetails" time="0.131" classname="SerializationDeserialization.SerializationEmpDetailForArray"/>
  <system-out/>
</testsuite> <!-- SerializationDeserialization.SerializationEmpDetailForArray -->
