<?xml version="1.0" encoding="UTF-8"?>
<!-- Generated by org.testng.reporters.JUnitReportReporter -->
<testsuite skipped="0" hostname="LAPTOP-PV5IV72T" name="Authentication.Oauth2_0" tests="1" failures="0" timestamp="2022-08-10T16:24:05 IST" time="3.538" errors="0">
  <testcase name="Oauth2_0" time="3.538" classname="Authentication.Oauth2_0"/>
  <system-out/>
</testsuite> <!-- Authentication.Oauth2_0 -->
